<?xml version="1.0" encoding="UTF-8"?>
<!-- Generated by org.testng.reporters.JUnitXMLReporter -->
<testsuite ignored="0" hostname="LAPTOP-A39R353N" failures="0" tests="7" name="Default test" time="2.866" errors="0" timestamp="2022-08-20T11:45:23 IST">
  <testcase classname="com.restassured.testcases.GetRequest_001" name="checkContentEncoding" time="0.007"/>
  <testcase classname="com.restassured.testcases.GetRequest_001" name="checkContentLength" time="0.002"/>
  <testcase classname="com.restassured.testcases.GetRequest_001" name="checkResponseBody" time="0.015"/>
  <testcase classname="com.restassured.testcases.GetRequest_001" name="checkResponseTime" time="0.004"/>
  <testcase classname="com.restassured.testcases.GetRequest_001" name="checkServerType" time="0.003"/>
  <testcase classname="com.restassured.testcases.GetRequest_001" name="testStatusCode" time="0.004"/>
  <testcase classname="com.restassured.testcases.GetRequest_001" name="testStatusLine" time="0.004"/>
</testsuite> <!-- Default test -->
