<?xml version="1.0" encoding="UTF-8"?>
<testng-results ignored="0" total="7" passed="7" failed="0" skipped="0">
  <reporter-output>
  </reporter-output>
  <suite started-at="2022-08-20T11:45:20 IST" name="Default suite" finished-at="2022-08-20T11:45:23 IST" duration-ms="2866">
    <groups>
    </groups>
    <test started-at="2022-08-20T11:45:20 IST" name="Default test" finished-at="2022-08-20T11:45:23 IST" duration-ms="2866">
      <class name="com.restassured.testcases.GetRequest_001">
        <test-method is-config="true" signature="setup()[pri:0, instance:com.restassured.testcases.GetRequest_001@485966cc]" started-at="2022-08-20T11:45:20 IST" name="setup" finished-at="2022-08-20T11:45:20 IST" duration-ms="269" status="PASS">
          <reporter-output>
          </reporter-output>
        </test-method> <!-- setup -->
        <test-method is-config="true" signature="setUp()[pri:0, instance:com.restassured.testcases.GetRequest_001@485966cc]" started-at="2022-08-20T11:45:20 IST" name="setUp" finished-at="2022-08-20T11:45:23 IST" duration-ms="2497" status="PASS">
          <reporter-output>
          </reporter-output>
        </test-method> <!-- setUp -->
        <test-method signature="checkContentEncoding()[pri:0, instance:com.restassured.testcases.GetRequest_001@485966cc]" started-at="2022-08-20T11:45:23 IST" name="checkContentEncoding" finished-at="2022-08-20T11:45:23 IST" duration-ms="7" status="PASS">
          <reporter-output>
          </reporter-output>
        </test-method> <!-- checkContentEncoding -->
        <test-method signature="checkContentLength()[pri:0, instance:com.restassured.testcases.GetRequest_001@485966cc]" started-at="2022-08-20T11:45:23 IST" name="checkContentLength" finished-at="2022-08-20T11:45:23 IST" duration-ms="2" status="PASS">
          <reporter-output>
          </reporter-output>
        </test-method> <!-- checkContentLength -->
        <test-method signature="checkResponseBody()[pri:0, instance:com.restassured.testcases.GetRequest_001@485966cc]" started-at="2022-08-20T11:45:23 IST" name="checkResponseBody" finished-at="2022-08-20T11:45:23 IST" duration-ms="15" status="PASS">
          <reporter-output>
          </reporter-output>
        </test-method> <!-- checkResponseBody -->
        <test-method signature="checkResponseTime()[pri:0, instance:com.restassured.testcases.GetRequest_001@485966cc]" started-at="2022-08-20T11:45:23 IST" name="checkResponseTime" finished-at="2022-08-20T11:45:23 IST" duration-ms="4" status="PASS">
          <reporter-output>
          </reporter-output>
        </test-method> <!-- checkResponseTime -->
        <test-method signature="checkServerType()[pri:0, instance:com.restassured.testcases.GetRequest_001@485966cc]" started-at="2022-08-20T11:45:23 IST" name="checkServerType" finished-at="2022-08-20T11:45:23 IST" duration-ms="3" status="PASS">
          <reporter-output>
          </reporter-output>
        </test-method> <!-- checkServerType -->
        <test-method signature="testStatusCode()[pri:0, instance:com.restassured.testcases.GetRequest_001@485966cc]" started-at="2022-08-20T11:45:23 IST" name="testStatusCode" finished-at="2022-08-20T11:45:23 IST" duration-ms="4" status="PASS">
          <reporter-output>
          </reporter-output>
        </test-method> <!-- testStatusCode -->
        <test-method signature="testStatusLine()[pri:0, instance:com.restassured.testcases.GetRequest_001@485966cc]" started-at="2022-08-20T11:45:23 IST" name="testStatusLine" finished-at="2022-08-20T11:45:23 IST" duration-ms="4" status="PASS">
          <reporter-output>
          </reporter-output>
        </test-method> <!-- testStatusLine -->
        <test-method is-config="true" signature="tearDown()[pri:0, instance:com.restassured.testcases.GetRequest_001@485966cc]" started-at="2022-08-20T11:45:23 IST" name="tearDown" finished-at="2022-08-20T11:45:23 IST" duration-ms="0" status="PASS">
          <reporter-output>
          </reporter-output>
        </test-method> <!-- tearDown -->
      </class> <!-- com.restassured.testcases.GetRequest_001 -->
    </test> <!-- Default test -->
  </suite> <!-- Default suite -->
</testng-results>
